<?xml version="1.0" encoding="UTF-8"?>
<!-- Generated by org.testng.reporters.JUnitReportReporter -->
<testsuite hostname="LAPTOP-FHIMKGNS" failures="0" tests="4" name="TestNG.Script_Enabled" time="0.027" errors="0" timestamp="2024-11-27T12:21:40 IST" skipped="1">
  <testcase classname="TestNG.Script_Enabled" name="signup" time="0.024"/>
  <system-out/>
  <testcase classname="TestNG.Script_Enabled" name="login" time="0.001"/>
  <system-out/>
  <testcase classname="TestNG.Script_Enabled" name="logout" time="0.002"/>
  <system-out/>
  <testcase classname="TestNG.Script_Enabled" name="homepage">
    <skipped/>
  </testcase> <!-- homepage -->
  <system-out/>
</testsuite> <!-- TestNG.Script_Enabled -->
