<?xml version="1.0" encoding="UTF-8"?>
<!-- Generated by org.testng.reporters.JUnitReportReporter -->
<testsuite hostname="LAPTOP-FHIMKGNS" failures="0" tests="3" name="TestNG.Script_03" time="0.016" errors="0" timestamp="2024-11-26T12:15:06 IST" skipped="0">
  <testcase classname="TestNG.Script_03" name="Testcase2" time="0.001"/>
  <system-out>
    <![CDATA[goodevening]]>
  </system-out>
  <testcase classname="TestNG.Script_03" name="Testcase" time="0.014"/>
  <system-out>
    <![CDATA[Hello]]>
  </system-out>
  <testcase classname="TestNG.Script_03" name="Testcase1" time="0.001"/>
  <system-out>
    <![CDATA[goodmorning]]>
  </system-out>
</testsuite> <!-- TestNG.Script_03 -->
