<?xml version="1.0" encoding="UTF-8"?>
<!-- Generated by org.testng.reporters.JUnitReportReporter -->
<testsuite hostname="LAPTOP-FHIMKGNS" failures="0" tests="4" name="TestNG.Script_DependsOnMethods" time="0.024" errors="0" timestamp="2024-11-27T12:25:08 IST" skipped="0">
  <testcase classname="TestNG.Script_DependsOnMethods" name="homepage" time="0.001"/>
  <system-out/>
  <testcase classname="TestNG.Script_DependsOnMethods" name="signup" time="0.021"/>
  <system-out/>
  <testcase classname="TestNG.Script_DependsOnMethods" name="login" time="0.001"/>
  <system-out/>
  <testcase classname="TestNG.Script_DependsOnMethods" name="logout" time="0.001"/>
  <system-out/>
</testsuite> <!-- TestNG.Script_DependsOnMethods -->
