<?xml version="1.0" encoding="UTF-8"?>
<!-- Generated by org.testng.reporters.JUnitReportReporter -->
<testsuite hostname="LAPTOP-FHIMKGNS" failures="0" tests="1" name="TestNG.Script01" time="0.024" errors="0" timestamp="2024-11-26T12:03:03 IST" skipped="0">
  <testcase classname="TestNG.Script01" name="Testcase" time="0.024"/>
  <system-out>
    <![CDATA[Hello]]>
  </system-out>
</testsuite> <!-- TestNG.Script01 -->
